This file contains any messages produced by compilers while
running configure, to aid debugging if configure makes a mistake.

It was created by FreeType configure 2.3.5, which was
generated by GNU Autoconf 2.61.  Invocation command line was

  $ ./configure --prefix=c:/progra~1/FreeType --enable-shared --disable-static

## --------- ##
## Platform. ##
## --------- ##

hostname = gamma
uname -m = i686
uname -r = 1.5.24(0.156/4/2)
uname -s = CYGWIN_NT-5.1
uname -v = 2007-01-31 10:57

/usr/bin/uname -p = unknown
/bin/uname -X     = unknown

/bin/arch              = i686
/usr/bin/arch -k       = i686
/usr/convex/getsysinfo = unknown
/usr/bin/hostinfo      = unknown
/bin/machine           = unknown
/usr/bin/oslevel       = unknown
/bin/universe          = unknown

PATH: /cygdrive/g/mingw/3.4.5/bin
PATH: /usr/bin
PATH: /usr/local/bin
PATH: /cygdrive/g/TeX/miktex/bin
PATH: /cygdrive/d/Util
PATH: /cygdrive/d/Program Files/GnuWin32/bin
PATH: /cygdrive/g/TeX/bin/win32
PATH: /cygdrive/c/WINDOWS/system32
PATH: /cygdrive/c/WINDOWS
PATH: /cygdrive/c/WINDOWS/System32/Wbem
PATH: /cygdrive/d/Program Files/Oracle/Berkeley DB 4.5.20/bin
PATH: /cygdrive/d/Program Files/Oracle/Berkeley DB 4.5.20/bin/debug


## ----------- ##
## Core tests. ##
## ----------- ##

configure:1823: loading site script j:/config.site
| # These two variables are required, otherwise looking for
| # programs along the PATH will not work.
| PATH_SEPARATOR=:
| PATH_EXPAND=y
| PWD=`pwd.sh`
| 
| # This is required in for "test -f foo" to find foo.exe
| export TEST_FINDS_EXE=y
| 
| # Install programs
| INSTALL=${INSTALL:='/bin/install.exe -cp'}
| INSTALL_DATA=${INSTALL_DATA:='/bin/install.exe -cp'}
| INSTALL_PROGRAM=${INSTALL_PROGRAM:='/bin/install.exe -cp'}
| 
| # Do not detect fork even if a stub is provided
| ac_cv_func_fork=no
| ac_cv_func_vfork=no
| 
| ac_cv_func_fchdir=no
| 
| # Detect socket functions 
| ac_cv_func_gethostbyname=${ac_cv_func_gethostbyname:=yes}
| ac_cv_func_inet_ntoa=${ac_cv_func_inet_ntoa:=yes}
| ac_cv_func_gethostbyaddr=${ac_cv_func_gethostbyaddr:=yes}
| ac_cv_func_gethostname=${ac_cv_func_gethostname:=yes}
| ac_cv_func_connect=${ac_cv_func_connect:=yes}
| 
| ac_cv_func_ftruncate=${ac_cv_func_ftruncate:=yes}
| #ac_cv_func_mkstemp=${ac_cv_func_mkstemp:=yes}
| ac_cv_var_tzname=${ac_cv_var_tzname:=yes}
| ac_cv_func_working_mktime=${ac_cv_func_working_mktime:=yes}
| 
| ac_cv_sys_file_offset_bits=${ac_cv_sys_file_offset_bits:=64}
| ac_cv_sys_large_files=${ac_cv_sys_large_files:=1}
| ac_cv_sys_largefile_source=${ac_cv_sys_largefile_source:=1}
| enable_largefile=${enable_largefile:=yes}
| 
| gl_cv_func_getcwd_null=${gl_cv_func_getcwd_null:=yes}
| gl_cv_func_chown_follows_symlink=${gl_cv_func_chown_follows_symlink:=yes}
| 
| archive_cmds_need_lc=${archive_cmds_need_lc:=no}
| ac_cv_lib_c_main=${ac_cv_lib_c_main:=no}
| 
| # These are set here so the generated libtool will be good
| # for every installation, not only the one where the
| # package was configured.
| NM=${NM='nm'}
| LD=${LD='ld'}
| 
| # Force the test for 'ln -s' to report 'cp -fp'.
| ac_cv_prog_LN_S=${ac_cv_prog_LN_S:='cp -fp'}
| cl_cv_prog_LN=${cl_cv_prog_LN:='cp -fp'}
| cl_cv_prog_LN_S=${cl_cv_prog_LN_S:='cp -fp'}
| LN_S=${LN_S:='cp -fp'}
| LN=${LN:='cp -fp'}
| as_ln_s=${as_ln_s:='cp -fp'}
| 
| 
| ac_executable_extensions=${ac_executable_extensions:='.exe'}
| EXEEXT=${EXEEXT:='.exe'}
| EXE=${EXE:='.exe'}
| exeext=${exeext:='.exe'}
| 
| CC=${CC:=gcc}
| CXX=${CXX:=g++}
| #HOST_CC=gcc
| 
| if [ "$GLIBCINCDIR" != "" ]; then
| 	GLIBCINCL="-I$GLIBCINCDIR"
| fi
| GLIBCINCDIR=${GLIBCINCDIR=G:/WinX/include}
| #GLIBCINCDIR=
| GNUWIN32DIR=${GNUWIN32DIR=D:/Progra~1/GnuWin32}
| if [ "$GNUWIN32DIR" != "" ]; then
| 	GNUWIN32INCL=
| #	GNUWIN32INCL="-IJ:/LibC/0.6/libc-0.6-src/include"
| #	GNUWIN32INCL="-idirafter $GNUWIN32DIR/include"
| 	GNUWIN32INCL="-I$GNUWIN32DIR/include"
| #	GNUWIN32INCL=
| #	GNUWIN32LIBDIR="-LJ:/LibC/0.6/libc-0.6/.libs"
| 	GNUWIN32LIBDIR="-L$GNUWIN32DIR/lib"
| 	GNUWIN32LIBS=
| #	GNUWIN32LIBS=-lc
| #	GNUWIN32LIBS="-lgw32c"
| else
| 	enable_nls=no
| fi
| 
| #STDEFS=${STDEFS=-D__GW32__ -D_LARGEFILE_SOURCE=1 -D_LARGEFILE64_SOURCE=1 -D_FILE_OFFSET_BITS=64}
| STDEFS=
| # -D__GTHREAD_HIDE_WIN32API
| DEFS=${DEFS= $STDEFS $DEFSPLUS }
| DEFINES=${DEFINES= $DEFS $DEFINESPLUS }
| INCLUDES=${INCLUDES= $INCLUDESPLUS $GNUWIN32INCL $GLIBCINCL }
| STCFLAGS=${STCFLAGS=-Wall -Wpointer-arith -Wstrict-prototypes -pedantic -O3 \
| -fms-extensions -mms-bitfields -fno-exceptions -fomit-frame-pointer -march=i386 -ffast-math }
| CFLAGS=${CFLAGS= $STCFLAGS $CFLAGSPLUS }
| # -fnative-struct 
| 
| CXXFLAGS=${CXXFLAGS= $CFLAGS -fconserve-space -fno-rtti -D__STDC_LIMIT_MACROS $CXXFLAGSPLUS }
| CPPFLAGS=${CPPFLAGS= $DEFS $INCLUDES $CPPFLAGSPLUS }
| 
| STLDFLAGS=${STLDFLAGS=-Wl,-s -Wl,--force-exe-suffix -Wl,--enable-auto-import -Wl,--enable-runtime-pseudo-reloc -Wl,--allow-multiple-definition -Wl,--enable-stdcall-fixup $GNUWIN32LIBDIR }
| LDFLAGS=${LDFLAGS= $STLDFLAGS $LDFLAGSPLUS }
| STLIBS=${STLIBS=$GNUWIN32LIBDIR $GNUWIN32LIBS -lintl -lwsock32 -lole32 -luuid -lmsvcp60 }
| # -liberty -lintl 
| LIBS=${LIBS= -Wl,-s $LIBSPLUS $STLIBS }
| # 
| 
| host=${host:='i386-pc-mingw32'}
| build=${build:=$host}
| target=${target:=$host}
| host_alias=${host_alias:=$host}
| build_alias=${build_alias:=$build}
| target_alias=${target_alias:=$target}
| ac_cv_host=${ac_cv_host:=$host}
| ac_cv_build=${ac_cv_build:=$build}
| # The default values for transforming the program names cannot be the same
| # as the autoconf variables since these are set by configure before
| # config.site is read
| program_transform_name=${prog_transform_name:='s/i386-pc-mingw32//'}
| program_prefix=${prog_prefix:=''}
| program_suffix=${prog_suffix:=''}
| 
| # the following lines should ensure that NLS is used
| # by means of separate libintl instead of
| # the libintl provided with the package
| with_included_gettext=${with_included_gettext:=no}
| without_included_gettext=${without_included_gettext:=yes}
| enable_nls=${enable_nls:=yes}
| nls_cv_use_gnu_gettext=${nls_cv_use_gnu_gettext:=no}
| USE_NLS=${USE_NLS:=yes}
| INTLDEPS=${INTLDEPS:=' '}
| INTLOBJS=${INTLOBJS:=' '}
| LIBINTL=${LIBINTL:=' -lintl '}
| LTLIBINTL=${LTLIBINTL:=' -lintl '}
| BUILD_INCLUDED_LIBINTL=${BUILD_INCLUDED_LIBINTL:=no}
| USE_INCLUDED_LIBINTL=${USE_INCLUDED_LIBINTL:=no}
| 
| test "$prefix" = NONE && prefix=$PACKAGE_TARNAME
| prefix=${prefix:=c:/progra~1/GnuWin32}
configure:1977: checking build system type
configure:1995: result: i386-pc-mingw32
configure:2017: checking host system type
configure:2032: result: i386-pc-mingw32
configure:2054: checking target system type
configure:2069: result: i386-pc-mingw32
configure:2149: checking for gcc
configure:2176: result: gcc
configure:2414: checking for C compiler version
configure:2421: gcc --version >&5
gcc.exe (GCC) 3.4.5 (mingw special)
Copyright (C) 2004 Free Software Foundation, Inc.
This is free software; see the source for copying conditions.  There is NO
warranty; not even for MERCHANTABILITY or FITNESS FOR A PARTICULAR PURPOSE.

configure:2424: $? = 0
configure:2431: gcc -v >&5
Reading specs from g:/mingw/3.4.5/bin/../lib/gcc/mingw32/3.4.5/specs
Configured with: ../gcc-3.4.5/configure --with-gcc --with-gnu-ld --with-gnu-as --host=mingw32 --target=mingw32 --prefix=/mingw --enable-threads --disable-nls --enable-languages=c,c++,f77,ada,objc,java --disable-win32-registry --disable-shared --enable-sjlj-exceptions --enable-libgcj --disable-java-awt --without-x --enable-java-gc=boehm --disable-libgcj-debug --enable-interpreter --enable-hash-synchronization --enable-libstdcxx-debug
Thread model: win32
gcc version 3.4.5 (mingw special)
configure:2434: $? = 0
configure:2441: gcc -V >&5
gcc.exe: `-V' option must have argument
configure:2444: $? = 1
configure:2467: checking for C compiler default output file name
configure:2494: gcc  -Wall -Wpointer-arith -Wstrict-prototypes -pedantic -O3 -fms-extensions -mms-bitfields -fno-exceptions -fomit-frame-pointer -march=i386 -ffast-math           -ID:/Progra~1/GnuWin32/include      -Wl,-s -Wl,--force-exe-suffix -Wl,--enable-auto-import -Wl,--enable-runtime-pseudo-reloc -Wl,--allow-multiple-definition -Wl,--enable-stdcall-fixup -LD:/Progra~1/GnuWin32/lib    conftest.c  -Wl,-s  -LD:/Progra~1/GnuWin32/lib  -lintl -lwsock32 -lole32 -luuid -lmsvcp60   >&5
conftest.c:11: warning: function declaration isn't a prototype
configure:2497: $? = 0
configure:2535: result: a.exe
configure:2552: checking whether the C compiler works
configure:2562: ./a.exe
configure:2565: $? = 0
configure:2582: result: yes
configure:2589: checking whether we are cross compiling
configure:2591: result: no
configure:2594: checking for suffix of executables
configure:2601: gcc -o conftest.exe  -Wall -Wpointer-arith -Wstrict-prototypes -pedantic -O3 -fms-extensions -mms-bitfields -fno-exceptions -fomit-frame-pointer -march=i386 -ffast-math           -ID:/Progra~1/GnuWin32/include      -Wl,-s -Wl,--force-exe-suffix -Wl,--enable-auto-import -Wl,--enable-runtime-pseudo-reloc -Wl,--allow-multiple-definition -Wl,--enable-stdcall-fixup -LD:/Progra~1/GnuWin32/lib    conftest.c  -Wl,-s  -LD:/Progra~1/GnuWin32/lib  -lintl -lwsock32 -lole32 -luuid -lmsvcp60   >&5
conftest.c:11: warning: function declaration isn't a prototype
configure:2604: $? = 0
configure:2628: result: .exe
configure:2634: checking for suffix of object files
configure:2660: gcc -c  -Wall -Wpointer-arith -Wstrict-prototypes -pedantic -O3 -fms-extensions -mms-bitfields -fno-exceptions -fomit-frame-pointer -march=i386 -ffast-math           -ID:/Progra~1/GnuWin32/include     conftest.c >&5
conftest.c:11: warning: function declaration isn't a prototype
configure:2663: $? = 0
configure:2686: result: o
configure:2690: checking whether we are using the GNU C compiler
configure:2719: gcc -c  -Wall -Wpointer-arith -Wstrict-prototypes -pedantic -O3 -fms-extensions -mms-bitfields -fno-exceptions -fomit-frame-pointer -march=i386 -ffast-math           -ID:/Progra~1/GnuWin32/include     conftest.c >&5
conftest.c:11: warning: function declaration isn't a prototype
configure:2725: $? = 0
configure:2742: result: yes
configure:2747: checking whether gcc accepts -g
configure:2777: gcc -c -g        -ID:/Progra~1/GnuWin32/include     conftest.c >&5
configure:2783: $? = 0
configure:2882: result: yes
configure:2899: checking for gcc option to accept ISO C89
configure:2973: gcc  -c  -Wall -Wpointer-arith -Wstrict-prototypes -pedantic -O3 -fms-extensions -mms-bitfields -fno-exceptions -fomit-frame-pointer -march=i386 -ffast-math           -ID:/Progra~1/GnuWin32/include     conftest.c >&5
conftest.c:16: warning: function declaration isn't a prototype
conftest.c:53: warning: function declaration isn't a prototype
configure:2979: $? = 0
configure:3002: result: none needed
configure:3025: checking how to run the C preprocessor
configure:3065: gcc -E        -ID:/Progra~1/GnuWin32/include     conftest.c
configure:3071: $? = 0
configure:3102: gcc -E        -ID:/Progra~1/GnuWin32/include     conftest.c
conftest.c:8:28: ac_nonexistent.h: No such file or directory
configure:3108: $? = 1
configure: failed program was:
| /* confdefs.h.  */
| #define PACKAGE_NAME "FreeType"
| #define PACKAGE_TARNAME "freetype"
| #define PACKAGE_VERSION "2.3.5"
| #define PACKAGE_STRING "FreeType 2.3.5"
| #define PACKAGE_BUGREPORT "freetype@nongnu.org"
| /* end confdefs.h.  */
| #include <ac_nonexistent.h>
configure:3141: result: gcc -E
configure:3170: gcc -E        -ID:/Progra~1/GnuWin32/include     conftest.c
configure:3176: $? = 0
configure:3207: gcc -E        -ID:/Progra~1/GnuWin32/include     conftest.c
conftest.c:8:28: ac_nonexistent.h: No such file or directory
configure:3213: $? = 1
configure: failed program was:
| /* confdefs.h.  */
| #define PACKAGE_NAME "FreeType"
| #define PACKAGE_TARNAME "freetype"
| #define PACKAGE_VERSION "2.3.5"
| #define PACKAGE_STRING "FreeType 2.3.5"
| #define PACKAGE_BUGREPORT "freetype@nongnu.org"
| /* end confdefs.h.  */
| #include <ac_nonexistent.h>
configure:3445: checking for rm
configure:3461: found /usr/bin/rm
configure:3472: result: rm -f
configure:3482: checking for rmdir
configure:3498: found /usr/bin/rmdir
configure:3509: result: rmdir
configure:3536: checking for a BSD-compatible install
configure:3592: result: /bin/install.exe -cp
configure:3615: checking for grep that handles long lines and -e
configure:3689: result: /usr/bin/grep
configure:3694: checking for egrep
configure:3772: result: /usr/bin/grep -E
configure:3777: checking for ANSI C header files
configure:3807: gcc -c  -Wall -Wpointer-arith -Wstrict-prototypes -pedantic -O3 -fms-extensions -mms-bitfields -fno-exceptions -fomit-frame-pointer -march=i386 -ffast-math           -ID:/Progra~1/GnuWin32/include     conftest.c >&5
conftest.c:15: warning: function declaration isn't a prototype
configure:3813: $? = 0
configure:3912: gcc -o conftest.exe  -Wall -Wpointer-arith -Wstrict-prototypes -pedantic -O3 -fms-extensions -mms-bitfields -fno-exceptions -fomit-frame-pointer -march=i386 -ffast-math           -ID:/Progra~1/GnuWin32/include      -Wl,-s -Wl,--force-exe-suffix -Wl,--enable-auto-import -Wl,--enable-runtime-pseudo-reloc -Wl,--allow-multiple-definition -Wl,--enable-stdcall-fixup -LD:/Progra~1/GnuWin32/lib    conftest.c  -Wl,-s  -LD:/Progra~1/GnuWin32/lib  -lintl -lwsock32 -lole32 -luuid -lmsvcp60   >&5
conftest.c:21: warning: function declaration isn't a prototype
configure:3915: $? = 0
configure:3921: ./conftest.exe
configure:3924: $? = 0
configure:3941: result: yes
configure:3965: checking for sys/types.h
configure:3986: gcc -c  -Wall -Wpointer-arith -Wstrict-prototypes -pedantic -O3 -fms-extensions -mms-bitfields -fno-exceptions -fomit-frame-pointer -march=i386 -ffast-math           -ID:/Progra~1/GnuWin32/include     conftest.c >&5
configure:3992: $? = 0
configure:4008: result: yes
configure:3965: checking for sys/stat.h
configure:3986: gcc -c  -Wall -Wpointer-arith -Wstrict-prototypes -pedantic -O3 -fms-extensions -mms-bitfields -fno-exceptions -fomit-frame-pointer -march=i386 -ffast-math           -ID:/Progra~1/GnuWin32/include     conftest.c >&5
configure:3992: $? = 0
configure:4008: result: yes
configure:3965: checking for stdlib.h
configure:3986: gcc -c  -Wall -Wpointer-arith -Wstrict-prototypes -pedantic -O3 -fms-extensions -mms-bitfields -fno-exceptions -fomit-frame-pointer -march=i386 -ffast-math           -ID:/Progra~1/GnuWin32/include     conftest.c >&5
configure:3992: $? = 0
configure:4008: result: yes
configure:3965: checking for string.h
configure:3986: gcc -c  -Wall -Wpointer-arith -Wstrict-prototypes -pedantic -O3 -fms-extensions -mms-bitfields -fno-exceptions -fomit-frame-pointer -march=i386 -ffast-math           -ID:/Progra~1/GnuWin32/include     conftest.c >&5
configure:3992: $? = 0
configure:4008: result: yes
configure:3965: checking for memory.h
configure:3986: gcc -c  -Wall -Wpointer-arith -Wstrict-prototypes -pedantic -O3 -fms-extensions -mms-bitfields -fno-exceptions -fomit-frame-pointer -march=i386 -ffast-math           -ID:/Progra~1/GnuWin32/include     conftest.c >&5
configure:3992: $? = 0
configure:4008: result: yes
configure:3965: checking for strings.h
configure:3986: gcc -c  -Wall -Wpointer-arith -Wstrict-prototypes -pedantic -O3 -fms-extensions -mms-bitfields -fno-exceptions -fomit-frame-pointer -march=i386 -ffast-math           -ID:/Progra~1/GnuWin32/include     conftest.c >&5
configure:3992: $? = 0
configure:4008: result: yes
configure:3965: checking for inttypes.h
configure:3986: gcc -c  -Wall -Wpointer-arith -Wstrict-prototypes -pedantic -O3 -fms-extensions -mms-bitfields -fno-exceptions -fomit-frame-pointer -march=i386 -ffast-math           -ID:/Progra~1/GnuWin32/include     conftest.c >&5
configure:3992: $? = 0
configure:4008: result: yes
configure:3965: checking for stdint.h
configure:3986: gcc -c  -Wall -Wpointer-arith -Wstrict-prototypes -pedantic -O3 -fms-extensions -mms-bitfields -fno-exceptions -fomit-frame-pointer -march=i386 -ffast-math           -ID:/Progra~1/GnuWin32/include     conftest.c >&5
configure:3992: $? = 0
configure:4008: result: yes
configure:3965: checking for unistd.h
configure:3986: gcc -c  -Wall -Wpointer-arith -Wstrict-prototypes -pedantic -O3 -fms-extensions -mms-bitfields -fno-exceptions -fomit-frame-pointer -march=i386 -ffast-math           -ID:/Progra~1/GnuWin32/include     conftest.c >&5
configure:3992: $? = 0
configure:4008: result: yes
configure:4036: checking fcntl.h usability
configure:4053: gcc -c  -Wall -Wpointer-arith -Wstrict-prototypes -pedantic -O3 -fms-extensions -mms-bitfields -fno-exceptions -fomit-frame-pointer -march=i386 -ffast-math           -ID:/Progra~1/GnuWin32/include     conftest.c >&5
configure:4059: $? = 0
configure:4073: result: yes
configure:4077: checking fcntl.h presence
configure:4092: gcc -E        -ID:/Progra~1/GnuWin32/include     conftest.c
configure:4098: $? = 0
configure:4112: result: yes
configure:4145: checking for fcntl.h
configure:4153: result: yes
configure:4026: checking for unistd.h
configure:4032: result: yes
configure:4170: checking for an ANSI C-conforming const
configure:4245: gcc -c  -Wall -Wpointer-arith -Wstrict-prototypes -pedantic -O3 -fms-extensions -mms-bitfields -fno-exceptions -fomit-frame-pointer -march=i386 -ffast-math           -ID:/Progra~1/GnuWin32/include     conftest.c >&5
conftest.c:23: warning: function declaration isn't a prototype
conftest.c: In function `main':
conftest.c:65: warning: 'b' might be used uninitialized in this function
conftest.c:46: warning: 't' might be used uninitialized in this function
configure:4251: $? = 0
configure:4266: result: yes
configure:4276: checking for int
configure:4306: gcc -c  -Wall -Wpointer-arith -Wstrict-prototypes -pedantic -O3 -fms-extensions -mms-bitfields -fno-exceptions -fomit-frame-pointer -march=i386 -ffast-math           -ID:/Progra~1/GnuWin32/include     conftest.c >&5
conftest.c:56: warning: function declaration isn't a prototype
configure:4312: $? = 0
configure:4327: result: yes
configure:4334: checking size of int
configure:4636: gcc -o conftest.exe  -Wall -Wpointer-arith -Wstrict-prototypes -pedantic -O3 -fms-extensions -mms-bitfields -fno-exceptions -fomit-frame-pointer -march=i386 -ffast-math           -ID:/Progra~1/GnuWin32/include      -Wl,-s -Wl,--force-exe-suffix -Wl,--enable-auto-import -Wl,--enable-runtime-pseudo-reloc -Wl,--allow-multiple-definition -Wl,--enable-stdcall-fixup -LD:/Progra~1/GnuWin32/lib    conftest.c  -Wl,-s  -LD:/Progra~1/GnuWin32/lib  -lintl -lwsock32 -lole32 -luuid -lmsvcp60   >&5
conftest.c:54: warning: function declaration isn't a prototype
conftest.c:55: warning: function declaration isn't a prototype
conftest.c:60: warning: function declaration isn't a prototype
configure:4639: $? = 0
configure:4645: ./conftest.exe
configure:4648: $? = 0
configure:4671: result: 4
configure:4681: checking for long
configure:4711: gcc -c  -Wall -Wpointer-arith -Wstrict-prototypes -pedantic -O3 -fms-extensions -mms-bitfields -fno-exceptions -fomit-frame-pointer -march=i386 -ffast-math           -ID:/Progra~1/GnuWin32/include     conftest.c >&5
conftest.c:57: warning: function declaration isn't a prototype
configure:4717: $? = 0
configure:4732: result: yes
configure:4739: checking size of long
configure:5041: gcc -o conftest.exe  -Wall -Wpointer-arith -Wstrict-prototypes -pedantic -O3 -fms-extensions -mms-bitfields -fno-exceptions -fomit-frame-pointer -march=i386 -ffast-math           -ID:/Progra~1/GnuWin32/include      -Wl,-s -Wl,--force-exe-suffix -Wl,--enable-auto-import -Wl,--enable-runtime-pseudo-reloc -Wl,--allow-multiple-definition -Wl,--enable-stdcall-fixup -LD:/Progra~1/GnuWin32/lib    conftest.c  -Wl,-s  -LD:/Progra~1/GnuWin32/lib  -lintl -lwsock32 -lole32 -luuid -lmsvcp60   >&5
conftest.c:55: warning: function declaration isn't a prototype
conftest.c:56: warning: function declaration isn't a prototype
conftest.c:61: warning: function declaration isn't a prototype
configure:5044: $? = 0
configure:5050: ./conftest.exe
configure:5053: $? = 0
configure:5076: result: 4
configure:5098: checking for stdlib.h
configure:5104: result: yes
configure:5098: checking for unistd.h
configure:5104: result: yes
configure:5242: checking for getpagesize
configure:5298: gcc -o conftest.exe  -Wall -Wpointer-arith -Wstrict-prototypes -pedantic -O3 -fms-extensions -mms-bitfields -fno-exceptions -fomit-frame-pointer -march=i386 -ffast-math           -ID:/Progra~1/GnuWin32/include      -Wl,-s -Wl,--force-exe-suffix -Wl,--enable-auto-import -Wl,--enable-runtime-pseudo-reloc -Wl,--allow-multiple-definition -Wl,--enable-stdcall-fixup -LD:/Progra~1/GnuWin32/lib    conftest.c  -Wl,-s  -LD:/Progra~1/GnuWin32/lib  -lintl -lwsock32 -lole32 -luuid -lmsvcp60   >&5
conftest.c:47: warning: function declaration isn't a prototype
conftest.c:57: warning: function declaration isn't a prototype
configure:5304: $? = 0
configure:5322: result: yes
configure:5332: checking for working mmap
configure:5479: gcc -o conftest.exe  -Wall -Wpointer-arith -Wstrict-prototypes -pedantic -O3 -fms-extensions -mms-bitfields -fno-exceptions -fomit-frame-pointer -march=i386 -ffast-math           -ID:/Progra~1/GnuWin32/include      -Wl,-s -Wl,--force-exe-suffix -Wl,--enable-auto-import -Wl,--enable-runtime-pseudo-reloc -Wl,--allow-multiple-definition -Wl,--enable-stdcall-fixup -LD:/Progra~1/GnuWin32/lib    conftest.c  -Wl,-s  -LD:/Progra~1/GnuWin32/lib  -lintl -lwsock32 -lole32 -luuid -lmsvcp60   >&5
conftest.c:84:22: sys/mman.h: No such file or directory
conftest.c:129: warning: function declaration isn't a prototype
conftest.c: In function `main':
conftest.c:134: warning: implicit declaration of function `getpagesize'
conftest.c:160: warning: implicit declaration of function `mmap'
conftest.c:160: error: `PROT_READ' undeclared (first use in this function)
conftest.c:160: error: (Each undeclared identifier is reported only once
conftest.c:160: error: for each function it appears in.)
conftest.c:160: error: `PROT_WRITE' undeclared (first use in this function)
conftest.c:161: error: `MAP_PRIVATE' undeclared (first use in this function)
conftest.c:161: error: `MAP_FIXED' undeclared (first use in this function)
conftest.c:161: warning: comparison between pointer and integer
configure:5482: $? = 1
configure: program exited with status 1
configure: failed program was:
| /* confdefs.h.  */
| #define PACKAGE_NAME "FreeType"
| #define PACKAGE_TARNAME "freetype"
| #define PACKAGE_VERSION "2.3.5"
| #define PACKAGE_STRING "FreeType 2.3.5"
| #define PACKAGE_BUGREPORT "freetype@nongnu.org"
| #define STDC_HEADERS 1
| #define HAVE_SYS_TYPES_H 1
| #define HAVE_SYS_STAT_H 1
| #define HAVE_STDLIB_H 1
| #define HAVE_STRING_H 1
| #define HAVE_MEMORY_H 1
| #define HAVE_STRINGS_H 1
| #define HAVE_INTTYPES_H 1
| #define HAVE_STDINT_H 1
| #define HAVE_UNISTD_H 1
| #define HAVE_FCNTL_H 1
| #define HAVE_UNISTD_H 1
| #define SIZEOF_INT 4
| #define SIZEOF_LONG 4
| #define HAVE_STDLIB_H 1
| #define HAVE_UNISTD_H 1
| #define HAVE_GETPAGESIZE 1
| /* end confdefs.h.  */
| #include <stdio.h>
| #ifdef HAVE_SYS_TYPES_H
| # include <sys/types.h>
| #endif
| #ifdef HAVE_SYS_STAT_H
| # include <sys/stat.h>
| #endif
| #ifdef STDC_HEADERS
| # include <stdlib.h>
| # include <stddef.h>
| #else
| # ifdef HAVE_STDLIB_H
| #  include <stdlib.h>
| # endif
| #endif
| #ifdef HAVE_STRING_H
| # if !defined STDC_HEADERS && defined HAVE_MEMORY_H
| #  include <memory.h>
| # endif
| # include <string.h>
| #endif
| #ifdef HAVE_STRINGS_H
| # include <strings.h>
| #endif
| #ifdef HAVE_INTTYPES_H
| # include <inttypes.h>
| #endif
| #ifdef HAVE_STDINT_H
| # include <stdint.h>
| #endif
| #ifdef HAVE_UNISTD_H
| # include <unistd.h>
| #endif
| /* malloc might have been renamed as rpl_malloc. */
| #undef malloc
| 
| /* Thanks to Mike Haertel and Jim Avera for this test.
|    Here is a matrix of mmap possibilities:
| 	mmap private not fixed
| 	mmap private fixed at somewhere currently unmapped
| 	mmap private fixed at somewhere already mapped
| 	mmap shared not fixed
| 	mmap shared fixed at somewhere currently unmapped
| 	mmap shared fixed at somewhere already mapped
|    For private mappings, we should verify that changes cannot be read()
|    back from the file, nor mmap's back from the file at a different
|    address.  (There have been systems where private was not correctly
|    implemented like the infamous i386 svr4.0, and systems where the
|    VM page cache was not coherent with the file system buffer cache
|    like early versions of FreeBSD and possibly contemporary NetBSD.)
|    For shared mappings, we should conversely verify that changes get
|    propagated back to all the places they're supposed to be.
| 
|    Grep wants private fixed already mapped.
|    The main things grep needs to know about mmap are:
|    * does it exist and is it safe to write into the mmap'd area
|    * how to use it (BSD variants)  */
| 
| #include <fcntl.h>
| #include <sys/mman.h>
| 
| #if !defined STDC_HEADERS && !defined HAVE_STDLIB_H
| char *malloc ();
| #endif
| 
| /* This mess was copied from the GNU getpagesize.h.  */
| #ifndef HAVE_GETPAGESIZE
| /* Assume that all systems that can run configure have sys/param.h.  */
| # ifndef HAVE_SYS_PARAM_H
| #  define HAVE_SYS_PARAM_H 1
| # endif
| 
| # ifdef _SC_PAGESIZE
| #  define getpagesize() sysconf(_SC_PAGESIZE)
| # else /* no _SC_PAGESIZE */
| #  ifdef HAVE_SYS_PARAM_H
| #   include <sys/param.h>
| #   ifdef EXEC_PAGESIZE
| #    define getpagesize() EXEC_PAGESIZE
| #   else /* no EXEC_PAGESIZE */
| #    ifdef NBPG
| #     define getpagesize() NBPG * CLSIZE
| #     ifndef CLSIZE
| #      define CLSIZE 1
| #     endif /* no CLSIZE */
| #    else /* no NBPG */
| #     ifdef NBPC
| #      define getpagesize() NBPC
| #     else /* no NBPC */
| #      ifdef PAGESIZE
| #       define getpagesize() PAGESIZE
| #      endif /* PAGESIZE */
| #     endif /* no NBPC */
| #    endif /* no NBPG */
| #   endif /* no EXEC_PAGESIZE */
| #  else /* no HAVE_SYS_PARAM_H */
| #   define getpagesize() 8192	/* punt totally */
| #  endif /* no HAVE_SYS_PARAM_H */
| # endif /* no _SC_PAGESIZE */
| 
| #endif /* no HAVE_GETPAGESIZE */
| 
| int
| main ()
| {
|   char *data, *data2, *data3;
|   int i, pagesize;
|   int fd;
| 
|   pagesize = getpagesize ();
| 
|   /* First, make a file with some known garbage in it. */
|   data = (char *) malloc (pagesize);
|   if (!data)
|     return 1;
|   for (i = 0; i < pagesize; ++i)
|     *(data + i) = rand ();
|   umask (0);
|   fd = creat ("conftest.mmap", 0600);
|   if (fd < 0)
|     return 1;
|   if (write (fd, data, pagesize) != pagesize)
|     return 1;
|   close (fd);
| 
|   /* Next, try to mmap the file at a fixed address which already has
|      something else allocated at it.  If we can, also make sure that
|      we see the same garbage.  */
|   fd = open ("conftest.mmap", O_RDWR);
|   if (fd < 0)
|     return 1;
|   data2 = (char *) malloc (2 * pagesize);
|   if (!data2)
|     return 1;
|   data2 += (pagesize - ((long int) data2 & (pagesize - 1))) & (pagesize - 1);
|   if (data2 != mmap (data2, pagesize, PROT_READ | PROT_WRITE,
| 		     MAP_PRIVATE | MAP_FIXED, fd, 0L))
|     return 1;
|   for (i = 0; i < pagesize; ++i)
|     if (*(data + i) != *(data2 + i))
|       return 1;
| 
|   /* Finally, make sure that changes to the mapped area do not
|      percolate back to the file as seen by read().  (This is a bug on
|      some variants of i386 svr4.0.)  */
|   for (i = 0; i < pagesize; ++i)
|     *(data2 + i) = *(data2 + i) + 1;
|   data3 = (char *) malloc (pagesize);
|   if (!data3)
|     return 1;
|   if (read (fd, data3, pagesize) != pagesize)
|     return 1;
|   for (i = 0; i < pagesize; ++i)
|     if (*(data + i) != *(data3 + i))
|       return 1;
|   close (fd);
|   return 0;
| }
configure:5507: result: no
configure:5660: checking for memcpy
configure:5716: gcc -o conftest.exe  -Wall -Wpointer-arith -Wstrict-prototypes -pedantic -O3 -fms-extensions -mms-bitfields -fno-exceptions -fomit-frame-pointer -march=i386 -ffast-math           -ID:/Progra~1/GnuWin32/include      -Wl,-s -Wl,--force-exe-suffix -Wl,--enable-auto-import -Wl,--enable-runtime-pseudo-reloc -Wl,--allow-multiple-definition -Wl,--enable-stdcall-fixup -LD:/Progra~1/GnuWin32/lib    conftest.c  -Wl,-s  -LD:/Progra~1/GnuWin32/lib  -lintl -lwsock32 -lole32 -luuid -lmsvcp60   >&5
conftest.c:48: warning: function declaration isn't a prototype
conftest.c:48: warning: conflicting types for built-in function 'memcpy'
conftest.c:58: warning: function declaration isn't a prototype
configure:5722: $? = 0
configure:5740: result: yes
configure:5660: checking for memmove
configure:5716: gcc -o conftest.exe  -Wall -Wpointer-arith -Wstrict-prototypes -pedantic -O3 -fms-extensions -mms-bitfields -fno-exceptions -fomit-frame-pointer -march=i386 -ffast-math           -ID:/Progra~1/GnuWin32/include      -Wl,-s -Wl,--force-exe-suffix -Wl,--enable-auto-import -Wl,--enable-runtime-pseudo-reloc -Wl,--allow-multiple-definition -Wl,--enable-stdcall-fixup -LD:/Progra~1/GnuWin32/lib    conftest.c  -Wl,-s  -LD:/Progra~1/GnuWin32/lib  -lintl -lwsock32 -lole32 -luuid -lmsvcp60   >&5
conftest.c:49: warning: function declaration isn't a prototype
conftest.c:49: warning: conflicting types for built-in function 'memmove'
conftest.c:59: warning: function declaration isn't a prototype
configure:5722: $? = 0
configure:5740: result: yes
configure:5762: checking for gzsetparams in -lz
configure:5797: gcc -o conftest.exe  -Wall -Wpointer-arith -Wstrict-prototypes -pedantic -O3 -fms-extensions -mms-bitfields -fno-exceptions -fomit-frame-pointer -march=i386 -ffast-math           -ID:/Progra~1/GnuWin32/include      -Wl,-s -Wl,--force-exe-suffix -Wl,--enable-auto-import -Wl,--enable-runtime-pseudo-reloc -Wl,--allow-multiple-definition -Wl,--enable-stdcall-fixup -LD:/Progra~1/GnuWin32/lib    conftest.c -lz   -Wl,-s  -LD:/Progra~1/GnuWin32/lib  -lintl -lwsock32 -lole32 -luuid -lmsvcp60   >&5
conftest.c:34: warning: function declaration isn't a prototype
conftest.c:37: warning: function declaration isn't a prototype
configure:5803: $? = 0
configure:5821: result: yes
configure:5834: checking zlib.h usability
configure:5851: gcc -c  -Wall -Wpointer-arith -Wstrict-prototypes -pedantic -O3 -fms-extensions -mms-bitfields -fno-exceptions -fomit-frame-pointer -march=i386 -ffast-math           -ID:/Progra~1/GnuWin32/include     conftest.c >&5
In file included from conftest.c:60:
D:/Progra~1/GnuWin32/include/zlib.h:1183: warning: ISO C90 does not support `long long'
D:/Progra~1/GnuWin32/include/zlib.h:1183: warning: ISO C90 does not support `long long'
D:/Progra~1/GnuWin32/include/zlib.h:1208: warning: ISO C90 does not support `long long'
D:/Progra~1/GnuWin32/include/zlib.h:1276: warning: ISO C90 does not support `long long'
D:/Progra~1/GnuWin32/include/zlib.h:1301: warning: ISO C90 does not support `long long'
configure:5857: $? = 0
configure:5871: result: yes
configure:5875: checking zlib.h presence
configure:5890: gcc -E        -ID:/Progra~1/GnuWin32/include     conftest.c
configure:5896: $? = 0
configure:5910: result: yes
configure:5943: checking for zlib.h
configure:5950: result: yes
configure:6684: checking for a sed that does not truncate output
configure:6738: result: /usr/bin/sed
configure:6752: checking for ld used by gcc
configure:6819: result: ld
configure:6828: checking if the linker (ld) is GNU ld
configure:6843: result: yes
configure:6848: checking for ld option to reload object files
configure:6855: result: -r
configure:6873: checking for BSD-compatible nm
configure:6922: result: nm
configure:6926: checking whether ln -s works
configure:6930: result: yes
configure:6937: checking how to recognise dependent libraries
configure:7113: result: file_magic file format pei*-i386(.*architecture: i386)?
configure:7356: checking dlfcn.h usability
configure:7373: gcc -c  -Wall -Wpointer-arith -Wstrict-prototypes -pedantic -O3 -fms-extensions -mms-bitfields -fno-exceptions -fomit-frame-pointer -march=i386 -ffast-math    -DFT_CONFIG_OPTION_SYSTEM_ZLIB        -ID:/Progra~1/GnuWin32/include     conftest.c >&5
conftest.c:60:19: dlfcn.h: No such file or directory
configure:7379: $? = 1
configure: failed program was:
| /* confdefs.h.  */
| #define PACKAGE_NAME "FreeType"
| #define PACKAGE_TARNAME "freetype"
| #define PACKAGE_VERSION "2.3.5"
| #define PACKAGE_STRING "FreeType 2.3.5"
| #define PACKAGE_BUGREPORT "freetype@nongnu.org"
| #define STDC_HEADERS 1
| #define HAVE_SYS_TYPES_H 1
| #define HAVE_SYS_STAT_H 1
| #define HAVE_STDLIB_H 1
| #define HAVE_STRING_H 1
| #define HAVE_MEMORY_H 1
| #define HAVE_STRINGS_H 1
| #define HAVE_INTTYPES_H 1
| #define HAVE_STDINT_H 1
| #define HAVE_UNISTD_H 1
| #define HAVE_FCNTL_H 1
| #define HAVE_UNISTD_H 1
| #define SIZEOF_INT 4
| #define SIZEOF_LONG 4
| #define HAVE_STDLIB_H 1
| #define HAVE_UNISTD_H 1
| #define HAVE_GETPAGESIZE 1
| #define HAVE_MEMCPY 1
| #define HAVE_MEMMOVE 1
| /* end confdefs.h.  */
| #include <stdio.h>
| #ifdef HAVE_SYS_TYPES_H
| # include <sys/types.h>
| #endif
| #ifdef HAVE_SYS_STAT_H
| # include <sys/stat.h>
| #endif
| #ifdef STDC_HEADERS
| # include <stdlib.h>
| # include <stddef.h>
| #else
| # ifdef HAVE_STDLIB_H
| #  include <stdlib.h>
| # endif
| #endif
| #ifdef HAVE_STRING_H
| # if !defined STDC_HEADERS && defined HAVE_MEMORY_H
| #  include <memory.h>
| # endif
| # include <string.h>
| #endif
| #ifdef HAVE_STRINGS_H
| # include <strings.h>
| #endif
| #ifdef HAVE_INTTYPES_H
| # include <inttypes.h>
| #endif
| #ifdef HAVE_STDINT_H
| # include <stdint.h>
| #endif
| #ifdef HAVE_UNISTD_H
| # include <unistd.h>
| #endif
| #include <dlfcn.h>
configure:7393: result: no
configure:7397: checking dlfcn.h presence
configure:7412: gcc -E        -ID:/Progra~1/GnuWin32/include     conftest.c
conftest.c:27:19: dlfcn.h: No such file or directory
configure:7418: $? = 1
configure: failed program was:
| /* confdefs.h.  */
| #define PACKAGE_NAME "FreeType"
| #define PACKAGE_TARNAME "freetype"
| #define PACKAGE_VERSION "2.3.5"
| #define PACKAGE_STRING "FreeType 2.3.5"
| #define PACKAGE_BUGREPORT "freetype@nongnu.org"
| #define STDC_HEADERS 1
| #define HAVE_SYS_TYPES_H 1
| #define HAVE_SYS_STAT_H 1
| #define HAVE_STDLIB_H 1
| #define HAVE_STRING_H 1
| #define HAVE_MEMORY_H 1
| #define HAVE_STRINGS_H 1
| #define HAVE_INTTYPES_H 1
| #define HAVE_STDINT_H 1
| #define HAVE_UNISTD_H 1
| #define HAVE_FCNTL_H 1
| #define HAVE_UNISTD_H 1
| #define SIZEOF_INT 4
| #define SIZEOF_LONG 4
| #define HAVE_STDLIB_H 1
| #define HAVE_UNISTD_H 1
| #define HAVE_GETPAGESIZE 1
| #define HAVE_MEMCPY 1
| #define HAVE_MEMMOVE 1
| /* end confdefs.h.  */
| #include <dlfcn.h>
configure:7432: result: no
configure:7465: checking for dlfcn.h
configure:7473: result: no
configure:7602: checking for C++ compiler version
configure:7609: g++ --version >&5
g++.exe (GCC) 3.4.5 (mingw special)
Copyright (C) 2004 Free Software Foundation, Inc.
This is free software; see the source for copying conditions.  There is NO
warranty; not even for MERCHANTABILITY or FITNESS FOR A PARTICULAR PURPOSE.

configure:7612: $? = 0
configure:7619: g++ -v >&5
Reading specs from g:/mingw/3.4.5/bin/../lib/gcc/mingw32/3.4.5/specs
Configured with: ../gcc-3.4.5/configure --with-gcc --with-gnu-ld --with-gnu-as --host=mingw32 --target=mingw32 --prefix=/mingw --enable-threads --disable-nls --enable-languages=c,c++,f77,ada,objc,java --disable-win32-registry --disable-shared --enable-sjlj-exceptions --enable-libgcj --disable-java-awt --without-x --enable-java-gc=boehm --disable-libgcj-debug --enable-interpreter --enable-hash-synchronization --enable-libstdcxx-debug
Thread model: win32
gcc version 3.4.5 (mingw special)
configure:7622: $? = 0
configure:7629: g++ -V >&5
g++.exe: `-V' option must have argument
configure:7632: $? = 1
configure:7635: checking whether we are using the GNU C++ compiler
configure:7664: g++ -c   -Wall -Wpointer-arith -Wstrict-prototypes -pedantic -O3 -fms-extensions -mms-bitfields -fno-exceptions -fomit-frame-pointer -march=i386 -ffast-math    -fconserve-space -fno-rtti -D__STDC_LIMIT_MACROS          -ID:/Progra~1/GnuWin32/include     conftest.cpp >&5
cc1plus.exe: warning: command line option "-Wstrict-prototypes" is valid for Ada/C/ObjC but not for C++
configure:7670: $? = 0
configure:7687: result: yes
configure:7692: checking whether g++ accepts -g
configure:7722: g++ -c -g        -ID:/Progra~1/GnuWin32/include     conftest.cpp >&5
configure:7728: $? = 0
configure:7827: result: yes
configure:7860: checking how to run the C++ preprocessor
configure:7896: g++ -E        -ID:/Progra~1/GnuWin32/include     conftest.cpp
configure:7902: $? = 0
configure:7933: g++ -E        -ID:/Progra~1/GnuWin32/include     conftest.cpp
conftest.cpp:27:28: ac_nonexistent.h: No such file or directory
configure:7939: $? = 1
configure: failed program was:
| /* confdefs.h.  */
| #define PACKAGE_NAME "FreeType"
| #define PACKAGE_TARNAME "freetype"
| #define PACKAGE_VERSION "2.3.5"
| #define PACKAGE_STRING "FreeType 2.3.5"
| #define PACKAGE_BUGREPORT "freetype@nongnu.org"
| #define STDC_HEADERS 1
| #define HAVE_SYS_TYPES_H 1
| #define HAVE_SYS_STAT_H 1
| #define HAVE_STDLIB_H 1
| #define HAVE_STRING_H 1
| #define HAVE_MEMORY_H 1
| #define HAVE_STRINGS_H 1
| #define HAVE_INTTYPES_H 1
| #define HAVE_STDINT_H 1
| #define HAVE_UNISTD_H 1
| #define HAVE_FCNTL_H 1
| #define HAVE_UNISTD_H 1
| #define SIZEOF_INT 4
| #define SIZEOF_LONG 4
| #define HAVE_STDLIB_H 1
| #define HAVE_UNISTD_H 1
| #define HAVE_GETPAGESIZE 1
| #define HAVE_MEMCPY 1
| #define HAVE_MEMMOVE 1
| /* end confdefs.h.  */
| #include <ac_nonexistent.h>
configure:7972: result: g++ -E
configure:8001: g++ -E        -ID:/Progra~1/GnuWin32/include     conftest.cpp
configure:8007: $? = 0
configure:8038: g++ -E        -ID:/Progra~1/GnuWin32/include     conftest.cpp
conftest.cpp:27:28: ac_nonexistent.h: No such file or directory
configure:8044: $? = 1
configure: failed program was:
| /* confdefs.h.  */
| #define PACKAGE_NAME "FreeType"
| #define PACKAGE_TARNAME "freetype"
| #define PACKAGE_VERSION "2.3.5"
| #define PACKAGE_STRING "FreeType 2.3.5"
| #define PACKAGE_BUGREPORT "freetype@nongnu.org"
| #define STDC_HEADERS 1
| #define HAVE_SYS_TYPES_H 1
| #define HAVE_SYS_STAT_H 1
| #define HAVE_STDLIB_H 1
| #define HAVE_STRING_H 1
| #define HAVE_MEMORY_H 1
| #define HAVE_STRINGS_H 1
| #define HAVE_INTTYPES_H 1
| #define HAVE_STDINT_H 1
| #define HAVE_UNISTD_H 1
| #define HAVE_FCNTL_H 1
| #define HAVE_UNISTD_H 1
| #define SIZEOF_INT 4
| #define SIZEOF_LONG 4
| #define HAVE_STDLIB_H 1
| #define HAVE_UNISTD_H 1
| #define HAVE_GETPAGESIZE 1
| #define HAVE_MEMCPY 1
| #define HAVE_MEMMOVE 1
| /* end confdefs.h.  */
| #include <ac_nonexistent.h>
configure:8137: checking for g77
configure:8153: found /cygdrive/g/mingw/3.4.5/bin/g77
configure:8164: result: g77
configure:8194: checking for Fortran 77 compiler version
configure:8201: g77 --version >&5
GNU Fortran (GCC) 3.4.5 (mingw special)
Copyright (C) 2004 Free Software Foundation, Inc.

GNU Fortran comes with NO WARRANTY, to the extent permitted by law.
You may redistribute copies of GNU Fortran
under the terms of the GNU General Public License.
For more information about these matters, see the file named COPYING
or type the command `info -f g77 Copying'.
configure:8204: $? = 0
configure:8211: g77 -v >&5
Reading specs from g:/mingw/3.4.5/bin/../lib/gcc/mingw32/3.4.5/specs
Configured with: ../gcc-3.4.5/configure --with-gcc --with-gnu-ld --with-gnu-as --host=mingw32 --target=mingw32 --prefix=/mingw --enable-threads --disable-nls --enable-languages=c,c++,f77,ada,objc,java --disable-win32-registry --disable-shared --enable-sjlj-exceptions --enable-libgcj --disable-java-awt --without-x --enable-java-gc=boehm --disable-libgcj-debug --enable-interpreter --enable-hash-synchronization --enable-libstdcxx-debug
Thread model: win32
gcc version 3.4.5 (mingw special)
configure:8214: $? = 0
configure:8221: g77 -V >&5
g77.exe: `-V' option must have argument
configure:8224: $? = 1
configure:8232: checking whether we are using the GNU Fortran 77 compiler
configure:8251: g77 -c  conftest.F >&5
configure:8257: $? = 0
configure:8274: result: yes
configure:8280: checking whether g77 accepts -g
configure:8297: g77 -c -g conftest.f >&5
configure:8303: $? = 0
configure:8319: result: yes
configure:8349: checking the maximum length of command line arguments
configure:8458: result: 8192
configure:8469: checking command to parse nm output from gcc object
configure:8574: gcc -c  -Wall -Wpointer-arith -Wstrict-prototypes -pedantic -O3 -fms-extensions -mms-bitfields -fno-exceptions -fomit-frame-pointer -march=i386 -ffast-math    -DFT_CONFIG_OPTION_SYSTEM_ZLIB        -ID:/Progra~1/GnuWin32/include     conftest.c >&5
conftest.c:5: warning: function declaration isn't a prototype
conftest.c:9: warning: function declaration isn't a prototype
configure:8577: $? = 0
configure:8581: nm conftest.o \| sed -n -e 's/^.*[ 	]\([ABCDGIRSTW][ABCDGIRSTW]*\)[ 	][ 	]*\([_A-Za-z][_A-Za-z0-9]*\)\{0,1\}$/\1 \2 \2/p' \> conftest.nm
configure:8584: $? = 0
cannot find nm_test_var in conftest.nm
configure:8574: gcc -c  -Wall -Wpointer-arith -Wstrict-prototypes -pedantic -O3 -fms-extensions -mms-bitfields -fno-exceptions -fomit-frame-pointer -march=i386 -ffast-math    -DFT_CONFIG_OPTION_SYSTEM_ZLIB        -ID:/Progra~1/GnuWin32/include     conftest.c >&5
conftest.c:5: warning: function declaration isn't a prototype
conftest.c:9: warning: function declaration isn't a prototype
configure:8577: $? = 0
configure:8581: nm conftest.o \| sed -n -e 's/^.*[ 	]\([ABCDGIRSTW][ABCDGIRSTW]*\)[ 	][ 	]*_\([_A-Za-z][_A-Za-z0-9]*\)\{0,1\}$/\1 _\2 \2/p' \> conftest.nm
configure:8584: $? = 0
configure:8636: gcc -o conftest.exe  -Wall -Wpointer-arith -Wstrict-prototypes -pedantic -O3 -fms-extensions -mms-bitfields -fno-exceptions -fomit-frame-pointer -march=i386 -ffast-math    -DFT_CONFIG_OPTION_SYSTEM_ZLIB        -ID:/Progra~1/GnuWin32/include      -Wl,-s -Wl,--force-exe-suffix -Wl,--enable-auto-import -Wl,--enable-runtime-pseudo-reloc -Wl,--allow-multiple-definition -Wl,--enable-stdcall-fixup -LD:/Progra~1/GnuWin32/lib    -lz conftest.c conftstm.o >&5
configure:8639: $? = 0
configure:8677: result: ok
configure:8681: checking for objdir
configure:8696: result: .libs
configure:8788: checking for ar
configure:8804: found /cygdrive/g/mingw/3.4.5/bin/ar
configure:8815: result: ar
configure:8884: checking for ranlib
configure:8900: found /cygdrive/g/mingw/3.4.5/bin/ranlib
configure:8911: result: ranlib
configure:8980: checking for strip
configure:8996: found /cygdrive/g/mingw/3.4.5/bin/strip
configure:9007: result: strip
configure:9293: checking if gcc supports -fno-rtti -fno-exceptions
configure:9311: gcc -c  -Wall -Wpointer-arith -Wstrict-prototypes -pedantic -O3 -fms-extensions -mms-bitfields -fno-exceptions -fomit-frame-pointer -march=i386 -ffast-math    -DFT_CONFIG_OPTION_SYSTEM_ZLIB        -ID:/Progra~1/GnuWin32/include     -fno-rtti -fno-exceptions conftest.c >&5
cc1.exe: warning: command line option "-fno-rtti" is valid for C++/ObjC++ but not for C
configure:9315: $? = 0
configure:9328: result: no
configure:9343: checking for gcc option to produce PIC
configure:9553: result: -DDLL_EXPORT
configure:9561: checking if gcc PIC flag -DDLL_EXPORT works
configure:9579: gcc -c  -Wall -Wpointer-arith -Wstrict-prototypes -pedantic -O3 -fms-extensions -mms-bitfields -fno-exceptions -fomit-frame-pointer -march=i386 -ffast-math    -DFT_CONFIG_OPTION_SYSTEM_ZLIB        -ID:/Progra~1/GnuWin32/include     -DDLL_EXPORT -DPIC conftest.c >&5
configure:9583: $? = 0
configure:9596: result: yes
configure:9624: checking if gcc static flag -static works
configure:9652: result: no
configure:9662: checking if gcc supports -c -o file.o
configure:9683: gcc -c  -Wall -Wpointer-arith -Wstrict-prototypes -pedantic -O3 -fms-extensions -mms-bitfields -fno-exceptions -fomit-frame-pointer -march=i386 -ffast-math    -DFT_CONFIG_OPTION_SYSTEM_ZLIB        -ID:/Progra~1/GnuWin32/include     -o out/conftest2.o conftest.c >&5
configure:9687: $? = 0
configure:9709: result: yes
configure:9735: checking whether the gcc linker (ld) supports shared libraries
configure:10689: result: yes
configure:10756: checking dynamic linker characteristics
configure:11344: result: Win32 ld.exe
configure:11353: checking how to hardcode library paths into programs
configure:11378: result: immediate
configure:11392: checking whether stripping libraries is possible
configure:11397: result: yes
configure:12198: checking if libtool supports shared libraries
configure:12200: result: yes
configure:12203: checking whether to build shared libraries
configure:12224: result: yes
configure:12227: checking whether to build static libraries
configure:12231: result: no
configure:12323: creating libtool
configure:12911: checking for ld used by g++
configure:12978: result: ld
configure:12987: checking if the linker (ld) is GNU ld
configure:13002: result: yes
configure:13053: checking whether the g++ linker (ld) supports shared libraries
configure:13987: result: yes
configure:14005: g++ -c   -Wall -Wpointer-arith -Wstrict-prototypes -pedantic -O3 -fms-extensions -mms-bitfields -fno-exceptions -fomit-frame-pointer -march=i386 -ffast-math    -fconserve-space -fno-rtti -D__STDC_LIMIT_MACROS          -ID:/Progra~1/GnuWin32/include     conftest.cpp >&5
cc1plus.exe: warning: command line option "-Wstrict-prototypes" is valid for Ada/C/ObjC but not for C++
configure:14008: $? = 0
configure:14127: checking for g++ option to produce PIC
configure:14401: result: -DDLL_EXPORT
configure:14409: checking if g++ PIC flag -DDLL_EXPORT works
configure:14427: g++ -c   -Wall -Wpointer-arith -Wstrict-prototypes -pedantic -O3 -fms-extensions -mms-bitfields -fno-exceptions -fomit-frame-pointer -march=i386 -ffast-math    -fconserve-space -fno-rtti -D__STDC_LIMIT_MACROS          -ID:/Progra~1/GnuWin32/include     -DDLL_EXPORT -DPIC conftest.cpp >&5
cc1plus.exe: warning: command line option "-Wstrict-prototypes" is valid for Ada/C/ObjC but not for C++
configure:14431: $? = 0
configure:14444: result: yes
configure:14472: checking if g++ static flag -static works
configure:14500: result: no
configure:14510: checking if g++ supports -c -o file.o
configure:14531: g++ -c   -Wall -Wpointer-arith -Wstrict-prototypes -pedantic -O3 -fms-extensions -mms-bitfields -fno-exceptions -fomit-frame-pointer -march=i386 -ffast-math    -fconserve-space -fno-rtti -D__STDC_LIMIT_MACROS          -ID:/Progra~1/GnuWin32/include     -o out/conftest2.o conftest.cpp >&5
cc1plus.exe: warning: command line option "-Wstrict-prototypes" is valid for Ada/C/ObjC but not for C++
configure:14535: $? = 0
configure:14557: result: yes
configure:14583: checking whether the g++ linker (ld) supports shared libraries
configure:14608: result: yes
configure:14675: checking dynamic linker characteristics
configure:15263: result: Win32 ld.exe
configure:15272: checking how to hardcode library paths into programs
configure:15297: result: immediate
configure:15823: checking if libtool supports shared libraries
configure:15825: result: yes
configure:15828: checking whether to build shared libraries
configure:15848: result: yes
configure:15851: checking whether to build static libraries
configure:15855: result: no
configure:15865: checking for g77 option to produce PIC
configure:16075: result: -DDLL_EXPORT
configure:16083: checking if g77 PIC flag -DDLL_EXPORT works
configure:16101: g77 -c -g -O2 -DDLL_EXPORT conftest.f >&5
configure:16105: $? = 0
configure:16118: result: yes
configure:16146: checking if g77 static flag -static works
configure:16174: result: no
configure:16184: checking if g77 supports -c -o file.o
configure:16205: g77 -c -g -O2 -o out/conftest2.o conftest.f >&5
configure:16209: $? = 0
configure:16231: result: yes
configure:16257: checking whether the g77 linker (ld) supports shared libraries
configure:17191: result: yes
configure:17258: checking dynamic linker characteristics
configure:17846: result: Win32 ld.exe
configure:17855: checking how to hardcode library paths into programs
configure:17880: result: immediate
configure:21561: creating ./config.status

## ---------------------- ##
## Running config.status. ##
## ---------------------- ##

This file was extended by FreeType config.status 2.3.5, which was
generated by GNU Autoconf 2.61.  Invocation command line was

  CONFIG_FILES    = 
  CONFIG_HEADERS  = 
  CONFIG_LINKS    = 
  CONFIG_COMMANDS = 
  $ ./config.status 

on gamma

config.status:638: creating unix-cc.mk
config.status:638: creating unix-def.mk
config.status:638: creating freetype-config
config.status:638: creating freetype2.pc
config.status:638: creating ftconfig.h

## ---------------- ##
## Cache variables. ##
## ---------------- ##

ac_cv_build=i386-pc-mingw32
ac_cv_c_compiler_gnu=yes
ac_cv_c_const=yes
ac_cv_cxx_compiler_gnu=yes
ac_cv_env_CCC_set=
ac_cv_env_CCC_value=
ac_cv_env_CC_set=
ac_cv_env_CC_value=
ac_cv_env_CFLAGS_set=
ac_cv_env_CFLAGS_value=
ac_cv_env_CPPFLAGS_set=
ac_cv_env_CPPFLAGS_value=
ac_cv_env_CPP_set=
ac_cv_env_CPP_value=
ac_cv_env_CXXCPP_set=
ac_cv_env_CXXCPP_value=
ac_cv_env_CXXFLAGS_set=
ac_cv_env_CXXFLAGS_value=
ac_cv_env_CXX_set=
ac_cv_env_CXX_value=
ac_cv_env_F77_set=
ac_cv_env_F77_value=
ac_cv_env_FFLAGS_set=
ac_cv_env_FFLAGS_value=
ac_cv_env_LDFLAGS_set=
ac_cv_env_LDFLAGS_value=
ac_cv_env_LIBS_set=
ac_cv_env_LIBS_value=
ac_cv_env_build_alias_set=
ac_cv_env_build_alias_value=
ac_cv_env_host_alias_set=
ac_cv_env_host_alias_value=
ac_cv_env_target_alias_set=
ac_cv_env_target_alias_value=
ac_cv_exeext=.exe
ac_cv_f77_compiler_gnu=yes
ac_cv_func_connect=yes
ac_cv_func_fchdir=no
ac_cv_func_fork=no
ac_cv_func_ftruncate=yes
ac_cv_func_gethostbyaddr=yes
ac_cv_func_gethostbyname=yes
ac_cv_func_gethostname=yes
ac_cv_func_getpagesize=yes
ac_cv_func_inet_ntoa=yes
ac_cv_func_memcpy=yes
ac_cv_func_memmove=yes
ac_cv_func_mmap_fixed_mapped=no
ac_cv_func_vfork=no
ac_cv_func_working_mktime=yes
ac_cv_header_dlfcn_h=no
ac_cv_header_fcntl_h=yes
ac_cv_header_inttypes_h=yes
ac_cv_header_memory_h=yes
ac_cv_header_stdc=yes
ac_cv_header_stdint_h=yes
ac_cv_header_stdlib_h=yes
ac_cv_header_string_h=yes
ac_cv_header_strings_h=yes
ac_cv_header_sys_stat_h=yes
ac_cv_header_sys_types_h=yes
ac_cv_header_unistd_h=yes
ac_cv_header_zlib_h=yes
ac_cv_host=i386-pc-mingw32
ac_cv_lib_c_main=no
ac_cv_lib_z_gzsetparams=yes
ac_cv_objext=o
ac_cv_path_EGREP='/usr/bin/grep -E'
ac_cv_path_GREP=/usr/bin/grep
ac_cv_prog_CPP='gcc -E'
ac_cv_prog_CXXCPP='g++ -E'
ac_cv_prog_LN_S='cp -fp'
ac_cv_prog_RMDIR=rmdir
ac_cv_prog_RMF='rm -f'
ac_cv_prog_ac_ct_AR=ar
ac_cv_prog_ac_ct_CC=gcc
ac_cv_prog_ac_ct_F77=g77
ac_cv_prog_ac_ct_RANLIB=ranlib
ac_cv_prog_ac_ct_STRIP=strip
ac_cv_prog_cc_c89=
ac_cv_prog_cc_g=yes
ac_cv_prog_cxx_g=yes
ac_cv_prog_f77_g=yes
ac_cv_sizeof_int=4
ac_cv_sizeof_long=4
ac_cv_sys_file_offset_bits=64
ac_cv_sys_large_files=1
ac_cv_sys_largefile_source=1
ac_cv_target=i386-pc-mingw32
ac_cv_type_int=yes
ac_cv_type_long=yes
ac_cv_var_tzname=yes
cl_cv_prog_LN='cp -fp'
cl_cv_prog_LN_S='cp -fp'
gl_cv_func_chown_follows_symlink=yes
gl_cv_func_getcwd_null=yes
lt_cv_deplibs_check_method='file_magic file format pei*-i386(.*architecture: i386)?'
lt_cv_file_magic_cmd='$OBJDUMP -f'
lt_cv_file_magic_test_file=
lt_cv_ld_reload_flag=-r
lt_cv_objdir=.libs
lt_cv_path_LD=ld
lt_cv_path_LDCXX=ld
lt_cv_path_NM=nm
lt_cv_path_SED=/usr/bin/sed
lt_cv_prog_compiler_c_o=yes
lt_cv_prog_compiler_c_o_CXX=yes
lt_cv_prog_compiler_c_o_F77=yes
lt_cv_prog_compiler_rtti_exceptions=no
lt_cv_prog_gnu_ld=yes
lt_cv_prog_gnu_ldcxx=yes
lt_cv_sys_global_symbol_pipe='sed -n -e '\''s/^.*[ 	]\([ABCDGIRSTW][ABCDGIRSTW]*\)[ 	][ 	]*_\([_A-Za-z][_A-Za-z0-9]*\)\{0,1\}$/\1 _\2 \2/p'\'''
lt_cv_sys_global_symbol_to_c_name_address='sed -n -e '\''s/^: \([^ ]*\) $/  {\"\1\", (lt_ptr) 0},/p'\'' -e '\''s/^[BCDEGRST] \([^ ]*\) \([^ ]*\)$/  {"\2", (lt_ptr) \&\2},/p'\'''
lt_cv_sys_global_symbol_to_cdecl='sed -n -e '\''s/^. .* \(.*\)$/extern int \1;/p'\'''
lt_cv_sys_max_cmd_len=8192
lt_lt_cv_prog_compiler_c_o='"yes"'
lt_lt_cv_prog_compiler_c_o_CXX='"yes"'
lt_lt_cv_prog_compiler_c_o_F77='"yes"'
lt_lt_cv_sys_global_symbol_pipe='"sed -n -e '\''s/^.*[ 	]\\([ABCDGIRSTW][ABCDGIRSTW]*\\)[ 	][ 	]*_\\([_A-Za-z][_A-Za-z0-9]*\\)\\{0,1\\}\$/\\1 _\\2 \\2/p'\''"'
lt_lt_cv_sys_global_symbol_to_c_name_address='"sed -n -e '\''s/^: \\([^ ]*\\) \$/  {\\\"\\1\\\", (lt_ptr) 0},/p'\'' -e '\''s/^[BCDEGRST] \\([^ ]*\\) \\([^ ]*\\)\$/  {\"\\2\", (lt_ptr) \\&\\2},/p'\''"'
lt_lt_cv_sys_global_symbol_to_cdecl='"sed -n -e '\''s/^. .* \\(.*\\)\$/extern int \\1;/p'\''"'
nls_cv_use_gnu_gettext=no

## ----------------- ##
## Output variables. ##
## ----------------- ##

AR='ar'
CC='gcc'
CC_BUILD='gcc'
CFLAGS=' -Wall -Wpointer-arith -Wstrict-prototypes -pedantic -O3 -fms-extensions -mms-bitfields -fno-exceptions -fomit-frame-pointer -march=i386 -ffast-math    -DFT_CONFIG_OPTION_SYSTEM_ZLIB'
CPP='gcc -E'
CPPFLAGS='       -ID:/Progra~1/GnuWin32/include    '
CXX='g++'
CXXCPP='g++ -E'
CXXFLAGS='  -Wall -Wpointer-arith -Wstrict-prototypes -pedantic -O3 -fms-extensions -mms-bitfields -fno-exceptions -fomit-frame-pointer -march=i386 -ffast-math    -fconserve-space -fno-rtti -D__STDC_LIMIT_MACROS  '
DEFS='-DHAVE_CONFIG_H'
ECHO='echo'
ECHO_C=''
ECHO_N='-n'
ECHO_T=''
EGREP='/usr/bin/grep -E'
EXEEXT='.exe'
EXEEXT_BUILD='..exe'
F77='g77'
FFLAGS='-g -O2'
FT2_EXTRA_LIBS=''
FTSYS_SRC='$(BASE_DIR)/ftsystem.c'
GREP='/usr/bin/grep'
INSTALL_DATA='/bin/install.exe -cp'
INSTALL_PROGRAM='/bin/install.exe -cp'
INSTALL_SCRIPT='${INSTALL}'
LDFLAGS=' -Wl,-s -Wl,--force-exe-suffix -Wl,--enable-auto-import -Wl,--enable-runtime-pseudo-reloc -Wl,--allow-multiple-definition -Wl,--enable-stdcall-fixup -LD:/Progra~1/GnuWin32/lib    -lz'
LIBOBJS=''
LIBS=' -Wl,-s  -LD:/Progra~1/GnuWin32/lib  -lintl -lwsock32 -lole32 -luuid -lmsvcp60  '
LIBTOOL='$(SHELL) $(top_builddir)/libtool'
LIBZ='-lz'
LN_S='ln -s'
LTLIBOBJS=''
OBJEXT='o'
PACKAGE_BUGREPORT='freetype@nongnu.org'
PACKAGE_NAME='FreeType'
PACKAGE_STRING='FreeType 2.3.5'
PACKAGE_TARNAME='freetype'
PACKAGE_VERSION='2.3.5'
PATH_SEPARATOR=':'
RANLIB='ranlib'
RMDIR='rmdir'
RMF='rm -f'
SHELL='/bin/sh'
STRIP='strip'
SYSTEM_ZLIB='yes'
XX_ANSIFLAGS='-pedantic -ansi'
XX_CFLAGS='-Wall'
ac_ct_CC='gcc'
ac_ct_CXX=''
ac_ct_F77='g77'
bindir='${exec_prefix}/bin'
build='i386-pc-mingw32'
build_alias='i386-pc-mingw32'
build_cpu='i386'
build_os='mingw32'
build_vendor='pc'
datadir='${datarootdir}'
datarootdir='${prefix}/share'
docdir='${datarootdir}/doc/${PACKAGE_TARNAME}'
dvidir='${docdir}'
enable_shared='yes'
exec_prefix='${prefix}'
ft_version='9.16.3'
hardcode_libdir_flag_spec='-L$libdir'
host='i386-pc-mingw32'
host_alias='i386-pc-mingw32'
host_cpu='i386'
host_os='mingw32'
host_vendor='pc'
htmldir='${docdir}'
includedir='${prefix}/include'
infodir='${datarootdir}/info'
libdir='${exec_prefix}/lib'
libexecdir='${exec_prefix}/libexec'
localedir='${datarootdir}/locale'
localstatedir='${prefix}/var'
mandir='${datarootdir}/man'
oldincludedir='/usr/include'
pdfdir='${docdir}'
prefix='c:/progra~1/FreeType'
program_transform_name='s/i386-pc-mingw32//'
psdir='${docdir}'
sbindir='${exec_prefix}/sbin'
sharedstatedir='${prefix}/com'
sysconfdir='${prefix}/etc'
target='i386-pc-mingw32'
target_alias='i386-pc-mingw32'
target_cpu='i386'
target_os='mingw32'
target_vendor='pc'
version_info='9:16:3'
wl='-Wl,'

## ----------- ##
## confdefs.h. ##
## ----------- ##

#define PACKAGE_NAME "FreeType"
#define PACKAGE_TARNAME "freetype"
#define PACKAGE_VERSION "2.3.5"
#define PACKAGE_STRING "FreeType 2.3.5"
#define PACKAGE_BUGREPORT "freetype@nongnu.org"
#define STDC_HEADERS 1
#define HAVE_SYS_TYPES_H 1
#define HAVE_SYS_STAT_H 1
#define HAVE_STDLIB_H 1
#define HAVE_STRING_H 1
#define HAVE_MEMORY_H 1
#define HAVE_STRINGS_H 1
#define HAVE_INTTYPES_H 1
#define HAVE_STDINT_H 1
#define HAVE_UNISTD_H 1
#define HAVE_FCNTL_H 1
#define HAVE_UNISTD_H 1
#define SIZEOF_INT 4
#define SIZEOF_LONG 4
#define HAVE_STDLIB_H 1
#define HAVE_UNISTD_H 1
#define HAVE_GETPAGESIZE 1
#define HAVE_MEMCPY 1
#define HAVE_MEMMOVE 1

configure: exit 0

## ---------------------- ##
## Running config.status. ##
## ---------------------- ##

This file was extended by FreeType config.status 2.3.5, which was
generated by GNU Autoconf 2.61.  Invocation command line was

  CONFIG_FILES    = 
  CONFIG_HEADERS  = 
  CONFIG_LINKS    = 
  CONFIG_COMMANDS = 
  $ ./config.status 

on gamma

config.status:638: creating unix-cc.mk
config.status:638: creating unix-def.mk
config.status:638: creating freetype-config
config.status:638: creating freetype2.pc
config.status:638: creating ftconfig.h
